This is pdfTeX, Version 3.141592653-2.6-1.40.23 (TeX Live 2021/W32TeX) (preloaded format=pdflatex 2021.9.16)  17 SEP 2021 10:39
entering extended mode
 restricted \write18 enabled.
 %&-line parsing enabled.
**Informe-Mercado-Laboral.tex
(./Informe-Mercado-Laboral.tex
LaTeX2e <2021-06-01> patch level 1
L3 programming layer <2021-08-27>
(c:/Users/Lenovo/AppData/Roaming/TinyTeX/texmf-dist/tex/latex/base/article.cls
Document Class: article 2021/02/12 v1.4n Standard LaTeX document class
(c:/Users/Lenovo/AppData/Roaming/TinyTeX/texmf-dist/tex/latex/base/size10.clo
File: size10.clo 2021/02/12 v1.4n Standard LaTeX file (size option)
)
\c@part=\count182
\c@section=\count183
\c@subsection=\count184
\c@subsubsection=\count185
\c@paragraph=\count186
\c@subparagraph=\count187
\c@figure=\count188
\c@table=\count189
\abovecaptionskip=\skip47
\belowcaptionskip=\skip48
\bibindent=\dimen138
)
(c:/Users/Lenovo/AppData/Roaming/TinyTeX/texmf-dist/tex/latex/amsmath/amsmath.s
ty
Package: amsmath 2021/04/20 v2.17j AMS math features
\@mathmargin=\skip49

For additional information on amsmath, use the `?' option.

(c:/Users/Lenovo/AppData/Roaming/TinyTeX/texmf-dist/tex/latex/amsmath/amstext.s
ty
Package: amstext 2000/06/29 v2.01 AMS text

(c:/Users/Lenovo/AppData/Roaming/TinyTeX/texmf-dist/tex/latex/amsmath/amsgen.st
y
File: amsgen.sty 1999/11/30 v2.0 generic functions
\@emptytoks=\toks16
\ex@=\dimen139
))
(c:/Users/Lenovo/AppData/Roaming/TinyTeX/texmf-dist/tex/latex/amsmath/amsbsy.st
y
Package: amsbsy 1999/11/29 v1.2d Bold Symbols
\pmbraise@=\dimen140
)
(c:/Users/Lenovo/AppData/Roaming/TinyTeX/texmf-dist/tex/latex/amsmath/amsopn.st
y
Package: amsopn 2016/03/08 v2.02 operator names
)
\inf@bad=\count190
LaTeX Info: Redefining \frac on input line 234.
\uproot@=\count191
\leftroot@=\count192
LaTeX Info: Redefining \overline on input line 399.
\classnum@=\count193
\DOTSCASE@=\count194
LaTeX Info: Redefining \ldots on input line 496.
LaTeX Info: Redefining \dots on input line 499.
LaTeX Info: Redefining \cdots on input line 620.
\Mathstrutbox@=\box50
\strutbox@=\box51
\big@size=\dimen141
LaTeX Font Info:    Redeclaring font encoding OML on input line 743.
LaTeX Font Info:    Redeclaring font encoding OMS on input line 744.
\macc@depth=\count195
\c@MaxMatrixCols=\count196
\dotsspace@=\muskip16
\c@parentequation=\count197
\dspbrk@lvl=\count198
\tag@help=\toks17
\row@=\count199
\column@=\count266
\maxfields@=\count267
\andhelp@=\toks18
\eqnshift@=\dimen142
\alignsep@=\dimen143
\tagshift@=\dimen144
\tagwidth@=\dimen145
\totwidth@=\dimen146
\lineht@=\dimen147
\@envbody=\toks19
\multlinegap=\skip50
\multlinetaggap=\skip51
\mathdisplay@stack=\toks20
LaTeX Info: Redefining \[ on input line 2923.
LaTeX Info: Redefining \] on input line 2924.
)
(c:/Users/Lenovo/AppData/Roaming/TinyTeX/texmf-dist/tex/latex/amsfonts/amssymb.
sty
Package: amssymb 2013/01/14 v3.01 AMS font symbols

(c:/Users/Lenovo/AppData/Roaming/TinyTeX/texmf-dist/tex/latex/amsfonts/amsfonts
.sty
Package: amsfonts 2013/01/14 v3.01 Basic AMSFonts support
\symAMSa=\mathgroup4
\symAMSb=\mathgroup5
LaTeX Font Info:    Redeclaring math symbol \hbar on input line 98.
LaTeX Font Info:    Overwriting math alphabet `\mathfrak' in version `bold'
(Font)                  U/euf/m/n --> U/euf/b/n on input line 106.
))
(c:/Users/Lenovo/AppData/Roaming/TinyTeX/texmf-dist/tex/latex/lm/lmodern.sty
Package: lmodern 2015/05/01 v1.6.1 Latin Modern Fonts
LaTeX Font Info:    Overwriting symbol font `operators' in version `normal'
(Font)                  OT1/cmr/m/n --> OT1/lmr/m/n on input line 22.
LaTeX Font Info:    Overwriting symbol font `letters' in version `normal'
(Font)                  OML/cmm/m/it --> OML/lmm/m/it on input line 23.
LaTeX Font Info:    Overwriting symbol font `symbols' in version `normal'
(Font)                  OMS/cmsy/m/n --> OMS/lmsy/m/n on input line 24.
LaTeX Font Info:    Overwriting symbol font `largesymbols' in version `normal'
(Font)                  OMX/cmex/m/n --> OMX/lmex/m/n on input line 25.
LaTeX Font Info:    Overwriting symbol font `operators' in version `bold'
(Font)                  OT1/cmr/bx/n --> OT1/lmr/bx/n on input line 26.
LaTeX Font Info:    Overwriting symbol font `letters' in version `bold'
(Font)                  OML/cmm/b/it --> OML/lmm/b/it on input line 27.
LaTeX Font Info:    Overwriting symbol font `symbols' in version `bold'
(Font)                  OMS/cmsy/b/n --> OMS/lmsy/b/n on input line 28.
LaTeX Font Info:    Overwriting symbol font `largesymbols' in version `bold'
(Font)                  OMX/cmex/m/n --> OMX/lmex/m/n on input line 29.
LaTeX Font Info:    Overwriting math alphabet `\mathbf' in version `normal'
(Font)                  OT1/cmr/bx/n --> OT1/lmr/bx/n on input line 31.
LaTeX Font Info:    Overwriting math alphabet `\mathsf' in version `normal'
(Font)                  OT1/cmss/m/n --> OT1/lmss/m/n on input line 32.
LaTeX Font Info:    Overwriting math alphabet `\mathit' in version `normal'
(Font)                  OT1/cmr/m/it --> OT1/lmr/m/it on input line 33.
LaTeX Font Info:    Overwriting math alphabet `\mathtt' in version `normal'
(Font)                  OT1/cmtt/m/n --> OT1/lmtt/m/n on input line 34.
LaTeX Font Info:    Overwriting math alphabet `\mathbf' in version `bold'
(Font)                  OT1/cmr/bx/n --> OT1/lmr/bx/n on input line 35.
LaTeX Font Info:    Overwriting math alphabet `\mathsf' in version `bold'
(Font)                  OT1/cmss/bx/n --> OT1/lmss/bx/n on input line 36.
LaTeX Font Info:    Overwriting math alphabet `\mathit' in version `bold'
(Font)                  OT1/cmr/bx/it --> OT1/lmr/bx/it on input line 37.
LaTeX Font Info:    Overwriting math alphabet `\mathtt' in version `bold'
(Font)                  OT1/cmtt/m/n --> OT1/lmtt/m/n on input line 38.
)
(c:/Users/Lenovo/AppData/Roaming/TinyTeX/texmf-dist/tex/generic/iftex/ifxetex.s
ty
Package: ifxetex 2019/10/25 v0.7 ifxetex legacy package. Use iftex instead.

(c:/Users/Lenovo/AppData/Roaming/TinyTeX/texmf-dist/tex/generic/iftex/iftex.sty
Package: iftex 2020/03/06 v1.0d TeX engine tests
))
(c:/Users/Lenovo/AppData/Roaming/TinyTeX/texmf-dist/tex/generic/iftex/ifluatex.
sty
Package: ifluatex 2019/10/25 v1.5 ifluatex legacy package. Use iftex instead.
)
(c:/Users/Lenovo/AppData/Roaming/TinyTeX/texmf-dist/tex/latex/base/fontenc.sty
Package: fontenc 2021/04/29 v2.0v Standard LaTeX package
LaTeX Font Info:    Trying to load font information for T1+lmr on input line 11
2.

(c:/Users/Lenovo/AppData/Roaming/TinyTeX/texmf-dist/tex/latex/lm/t1lmr.fd
File: t1lmr.fd 2015/05/01 v1.6.1 Font defs for Latin Modern
))
(c:/Users/Lenovo/AppData/Roaming/TinyTeX/texmf-dist/tex/latex/base/inputenc.sty
Package: inputenc 2021/02/14 v1.3d Input encoding file
\inpenc@prehook=\toks21
\inpenc@posthook=\toks22
)
(c:/Users/Lenovo/AppData/Roaming/TinyTeX/texmf-dist/tex/latex/base/textcomp.sty
Package: textcomp 2020/02/02 v2.0n Standard LaTeX package
)
(c:/Users/Lenovo/AppData/Roaming/TinyTeX/texmf-dist/tex/latex/parskip/parskip.s
ty
Package: parskip 2021-03-14 v2.0h non-zero parskip adjustments

(c:/Users/Lenovo/AppData/Roaming/TinyTeX/texmf-dist/tex/latex/kvoptions/kvoptio
ns.sty
Package: kvoptions 2020-10-07 v3.14 Key value format for package options (HO)

(c:/Users/Lenovo/AppData/Roaming/TinyTeX/texmf-dist/tex/latex/graphics/keyval.s
ty
Package: keyval 2014/10/28 v1.15 key=value parser (DPC)
\KV@toks@=\toks23
)
(c:/Users/Lenovo/AppData/Roaming/TinyTeX/texmf-dist/tex/generic/ltxcmds/ltxcmds
.sty
Package: ltxcmds 2020-05-10 v1.25 LaTeX kernel commands for general use (HO)
)
(c:/Users/Lenovo/AppData/Roaming/TinyTeX/texmf-dist/tex/generic/kvsetkeys/kvset
keys.sty
Package: kvsetkeys 2019/12/15 v1.18 Key value parser (HO)
))
(c:/Users/Lenovo/AppData/Roaming/TinyTeX/texmf-dist/tex/latex/etoolbox/etoolbox
.sty
Package: etoolbox 2020/10/05 v2.5k e-TeX tools for LaTeX (JAW)
\etb@tempcnta=\count268
))
(c:/Users/Lenovo/AppData/Roaming/TinyTeX/texmf-dist/tex/latex/xcolor/xcolor.sty
Package: xcolor 2016/05/11 v2.12 LaTeX color extensions (UK)

(c:/Users/Lenovo/AppData/Roaming/TinyTeX/texmf-dist/tex/latex/graphics-cfg/colo
r.cfg
File: color.cfg 2016/01/02 v1.6 sample color configuration
)
Package xcolor Info: Driver file: pdftex.def on input line 225.

(c:/Users/Lenovo/AppData/Roaming/TinyTeX/texmf-dist/tex/latex/graphics-def/pdft
ex.def
File: pdftex.def 2020/10/05 v1.2a Graphics/color driver for pdftex
)
Package xcolor Info: Model `cmy' substituted by `cmy0' on input line 1348.
Package xcolor Info: Model `hsb' substituted by `rgb' on input line 1352.
Package xcolor Info: Model `RGB' extended on input line 1364.
Package xcolor Info: Model `HTML' substituted by `rgb' on input line 1366.
Package xcolor Info: Model `Hsb' substituted by `hsb' on input line 1367.
Package xcolor Info: Model `tHsb' substituted by `hsb' on input line 1368.
Package xcolor Info: Model `HSB' substituted by `hsb' on input line 1369.
Package xcolor Info: Model `Gray' substituted by `gray' on input line 1370.
Package xcolor Info: Model `wave' substituted by `hsb' on input line 1371.
)
(c:/Users/Lenovo/AppData/Roaming/TinyTeX/texmf-dist/tex/latex/hyperref/hyperref
.sty
Package: hyperref 2021-06-07 v7.00m Hypertext links for LaTeX

(c:/Users/Lenovo/AppData/Roaming/TinyTeX/texmf-dist/tex/generic/pdftexcmds/pdft
excmds.sty
Package: pdftexcmds 2020-06-27 v0.33 Utility functions of pdfTeX for LuaTeX (HO
)

(c:/Users/Lenovo/AppData/Roaming/TinyTeX/texmf-dist/tex/generic/infwarerr/infwa
rerr.sty
Package: infwarerr 2019/12/03 v1.5 Providing info/warning/error messages (HO)
)
Package pdftexcmds Info: \pdf@primitive is available.
Package pdftexcmds Info: \pdf@ifprimitive is available.
Package pdftexcmds Info: \pdfdraftmode found.
)
(c:/Users/Lenovo/AppData/Roaming/TinyTeX/texmf-dist/tex/generic/kvdefinekeys/kv
definekeys.sty
Package: kvdefinekeys 2019-12-19 v1.6 Define keys (HO)
)
(c:/Users/Lenovo/AppData/Roaming/TinyTeX/texmf-dist/tex/generic/pdfescape/pdfes
cape.sty
Package: pdfescape 2019/12/09 v1.15 Implements pdfTeX's escape features (HO)
)
(c:/Users/Lenovo/AppData/Roaming/TinyTeX/texmf-dist/tex/latex/hycolor/hycolor.s
ty
Package: hycolor 2020-01-27 v1.10 Color options for hyperref/bookmark (HO)
)
(c:/Users/Lenovo/AppData/Roaming/TinyTeX/texmf-dist/tex/latex/letltxmacro/letlt
xmacro.sty
Package: letltxmacro 2019/12/03 v1.6 Let assignment for LaTeX macros (HO)
)
(c:/Users/Lenovo/AppData/Roaming/TinyTeX/texmf-dist/tex/latex/auxhook/auxhook.s
ty
Package: auxhook 2019-12-17 v1.6 Hooks for auxiliary files (HO)
)
\@linkdim=\dimen148
\Hy@linkcounter=\count269
\Hy@pagecounter=\count270

(c:/Users/Lenovo/AppData/Roaming/TinyTeX/texmf-dist/tex/latex/hyperref/pd1enc.d
ef
File: pd1enc.def 2021-06-07 v7.00m Hyperref: PDFDocEncoding definition (HO)
Now handling font encoding PD1 ...
... no UTF-8 mapping file for font encoding PD1
)
(c:/Users/Lenovo/AppData/Roaming/TinyTeX/texmf-dist/tex/latex/hyperref/hyperref
-langpatches.def
File: hyperref-langpatches.def 2021-06-07 v7.00m Hyperref: patches for babel la
nguages
)
(c:/Users/Lenovo/AppData/Roaming/TinyTeX/texmf-dist/tex/generic/intcalc/intcalc
.sty
Package: intcalc 2019/12/15 v1.3 Expandable calculations with integers (HO)
)
(c:/Users/Lenovo/AppData/Roaming/TinyTeX/texmf-dist/tex/generic/etexcmds/etexcm
ds.sty
Package: etexcmds 2019/12/15 v1.7 Avoid name clashes with e-TeX commands (HO)
)
\Hy@SavedSpaceFactor=\count271

(c:/Users/Lenovo/AppData/Roaming/TinyTeX/texmf-dist/tex/latex/hyperref/puenc.de
f
File: puenc.def 2021-06-07 v7.00m Hyperref: PDF Unicode definition (HO)
Now handling font encoding PU ...
... no UTF-8 mapping file for font encoding PU
)
Package hyperref Info: Option `unicode' set `true' on input line 4073.
Package hyperref Info: Hyper figures OFF on input line 4192.
Package hyperref Info: Link nesting OFF on input line 4197.
Package hyperref Info: Hyper index ON on input line 4200.
Package hyperref Info: Plain pages OFF on input line 4207.
Package hyperref Info: Backreferencing OFF on input line 4212.
Package hyperref Info: Implicit mode ON; LaTeX internals redefined.
Package hyperref Info: Bookmarks ON on input line 4445.
\c@Hy@tempcnt=\count272
 (c:/Users/Lenovo/AppData/Roaming/TinyTeX/texmf-dist/tex/latex/url/url.sty
\Urlmuskip=\muskip17
Package: url 2013/09/16  ver 3.4  Verb mode for urls, etc.
)
LaTeX Info: Redefining \url on input line 4804.
\XeTeXLinkMargin=\dimen149

(c:/Users/Lenovo/AppData/Roaming/TinyTeX/texmf-dist/tex/generic/bitset/bitset.s
ty
Package: bitset 2019/12/09 v1.3 Handle bit-vector datatype (HO)

(c:/Users/Lenovo/AppData/Roaming/TinyTeX/texmf-dist/tex/generic/bigintcalc/bigi
ntcalc.sty
Package: bigintcalc 2019/12/15 v1.5 Expandable calculations on big integers (HO
)
))
\Fld@menulength=\count273
\Field@Width=\dimen150
\Fld@charsize=\dimen151
Package hyperref Info: Hyper figures OFF on input line 6076.
Package hyperref Info: Link nesting OFF on input line 6081.
Package hyperref Info: Hyper index ON on input line 6084.
Package hyperref Info: backreferencing OFF on input line 6091.
Package hyperref Info: Link coloring OFF on input line 6096.
Package hyperref Info: Link coloring with OCG OFF on input line 6101.
Package hyperref Info: PDF/A mode OFF on input line 6106.
LaTeX Info: Redefining \ref on input line 6146.
LaTeX Info: Redefining \pageref on input line 6150.

(c:/Users/Lenovo/AppData/Roaming/TinyTeX/texmf-dist/tex/latex/base/atbegshi-ltx
.sty
Package: atbegshi-ltx 2021/01/10 v1.0c Emulation of the original atbegshi
package with kernel methods
)
\Hy@abspage=\count274
\c@Item=\count275
\c@Hfootnote=\count276
)
Package hyperref Info: Driver (autodetected): hpdftex.

(c:/Users/Lenovo/AppData/Roaming/TinyTeX/texmf-dist/tex/latex/hyperref/hpdftex.
def
File: hpdftex.def 2021-06-07 v7.00m Hyperref driver for pdfTeX

(c:/Users/Lenovo/AppData/Roaming/TinyTeX/texmf-dist/tex/latex/base/atveryend-lt
x.sty
Package: atveryend-ltx 2020/08/19 v1.0a Emulation of the original atvery packag
e
with kernel methods
)
\Fld@listcount=\count277
\c@bookmark@seq@number=\count278

(c:/Users/Lenovo/AppData/Roaming/TinyTeX/texmf-dist/tex/latex/rerunfilecheck/re
runfilecheck.sty
Package: rerunfilecheck 2019/12/05 v1.9 Rerun checks for auxiliary files (HO)

(c:/Users/Lenovo/AppData/Roaming/TinyTeX/texmf-dist/tex/generic/uniquecounter/u
niquecounter.sty
Package: uniquecounter 2019/12/15 v1.4 Provide unlimited unique counter (HO)
)
Package uniquecounter Info: New unique counter `rerunfilecheck' on input line 2
86.
)
\Hy@SectionHShift=\skip52
)
(c:/Users/Lenovo/AppData/Roaming/TinyTeX/texmf-dist/tex/latex/geometry/geometry
.sty
Package: geometry 2020/01/02 v5.9 Page Geometry

(c:/Users/Lenovo/AppData/Roaming/TinyTeX/texmf-dist/tex/generic/iftex/ifvtex.st
y
Package: ifvtex 2019/10/25 v1.7 ifvtex legacy package. Use iftex instead.
)
\Gm@cnth=\count279
\Gm@cntv=\count280
\c@Gm@tempcnt=\count281
\Gm@bindingoffset=\dimen152
\Gm@wd@mp=\dimen153
\Gm@odd@mp=\dimen154
\Gm@even@mp=\dimen155
\Gm@layoutwidth=\dimen156
\Gm@layoutheight=\dimen157
\Gm@layouthoffset=\dimen158
\Gm@layoutvoffset=\dimen159
\Gm@dimlist=\toks24
)
(c:/Users/Lenovo/AppData/Roaming/TinyTeX/texmf-dist/tex/latex/graphics/graphicx
.sty
Package: graphicx 2020/12/05 v1.2c Enhanced LaTeX Graphics (DPC,SPQR)

(c:/Users/Lenovo/AppData/Roaming/TinyTeX/texmf-dist/tex/latex/graphics/graphics
.sty
Package: graphics 2021/03/04 v1.4d Standard LaTeX Graphics (DPC,SPQR)

(c:/Users/Lenovo/AppData/Roaming/TinyTeX/texmf-dist/tex/latex/graphics/trig.sty
Package: trig 2016/01/03 v1.10 sin cos tan (DPC)
)
(c:/Users/Lenovo/AppData/Roaming/TinyTeX/texmf-dist/tex/latex/graphics-cfg/grap
hics.cfg
File: graphics.cfg 2016/06/04 v1.11 sample graphics configuration
)
Package graphics Info: Driver file: pdftex.def on input line 107.
)
\Gin@req@height=\dimen160
\Gin@req@width=\dimen161
)
(c:/Users/Lenovo/AppData/Roaming/TinyTeX/texmf-dist/tex/latex/pdfpages/pdfpages
.sty
Package: pdfpages 2021/03/06 v0.5t Insert pages of external PDF documents (AM)

(c:/Users/Lenovo/AppData/Roaming/TinyTeX/texmf-dist/tex/latex/base/ifthen.sty
Package: ifthen 2020/11/24 v1.1c Standard LaTeX ifthen package (DPC)
)
(c:/Users/Lenovo/AppData/Roaming/TinyTeX/texmf-dist/tex/latex/tools/calc.sty
Package: calc 2017/05/25 v4.3 Infix arithmetic (KKT,FJ)
\calc@Acount=\count282
\calc@Bcount=\count283
\calc@Adimen=\dimen162
\calc@Bdimen=\dimen163
\calc@Askip=\skip53
\calc@Bskip=\skip54
LaTeX Info: Redefining \setlength on input line 80.
LaTeX Info: Redefining \addtolength on input line 81.
\calc@Ccount=\count284
\calc@Cskip=\skip55
)
(c:/Users/Lenovo/AppData/Roaming/TinyTeX/texmf-dist/tex/latex/eso-pic/eso-pic.s
ty
Package: eso-pic 2020/10/14 v3.0a eso-pic (RN)
\ESO@tempdima=\dimen164
\ESO@tempdimb=\dimen165
)
\AM@pagewidth=\dimen166
\AM@pageheight=\dimen167
\AM@fboxrule=\dimen168

(c:/Users/Lenovo/AppData/Roaming/TinyTeX/texmf-dist/tex/latex/pdfpages/pppdftex
.def
File: pppdftex.def 2021/03/06 v0.5t Pdfpages driver for pdfTeX (AM)
)
\pdfpages@includegraphics@status=\count285
\AM@pagebox=\box52
\AM@global@opts=\toks25
\AM@pagecnt=\count286
\AM@toc@title=\toks26
\c@AM@survey=\count287
\AM@templatesizebox=\box53
)
(c:/Users/Lenovo/AppData/Roaming/TinyTeX/texmf-dist/tex/latex/opensans/opensans
.sty
Package: opensans 2019/06/20 Style file for Open Sans.

(c:/Users/Lenovo/AppData/Roaming/TinyTeX/texmf-dist/tex/latex/fontaxes/fontaxes
.sty
Package: fontaxes 2020/07/21 v1.0e Font selection axes
LaTeX Info: Redefining \upshape on input line 29.
LaTeX Info: Redefining \itshape on input line 31.
LaTeX Info: Redefining \slshape on input line 33.
LaTeX Info: Redefining \swshape on input line 35.
LaTeX Info: Redefining \scshape on input line 37.
LaTeX Info: Redefining \sscshape on input line 39.
LaTeX Info: Redefining \ulcshape on input line 41.
LaTeX Info: Redefining \textsw on input line 47.
LaTeX Info: Redefining \textssc on input line 48.
LaTeX Info: Redefining \textulc on input line 49.
)
(c:/Users/Lenovo/AppData/Roaming/TinyTeX/texmf-dist/tex/latex/xkeyval/xkeyval.s
ty
Package: xkeyval 2020/11/20 v2.8 package option processing (HA)

(c:/Users/Lenovo/AppData/Roaming/TinyTeX/texmf-dist/tex/generic/xkeyval/xkeyval
.tex
(c:/Users/Lenovo/AppData/Roaming/TinyTeX/texmf-dist/tex/generic/xkeyval/xkvutil
s.tex
\XKV@toks=\toks27
\XKV@tempa@toks=\toks28
)
\XKV@depth=\count288
File: xkeyval.tex 2014/12/03 v2.7a key=value parser (HA)
)))
(c:/Users/Lenovo/AppData/Roaming/TinyTeX/texmf-dist/tex/latex/base/fontenc.sty
Package: fontenc 2021/04/29 v2.0v Standard LaTeX package
LaTeX Font Info:    Trying to load font information for T1+opensans-TLF on inpu
t line 112.

(c:/Users/Lenovo/AppData/Roaming/TinyTeX/texmf-dist/tex/latex/opensans/T1opensa
ns-TLF.fd
File: T1opensans-TLF.fd 2019/06/24 Font definitions for T1/opensans-TLF.
)
LaTeX Font Info:    Font shape `T1/opensans-TLF/m/n' will be
(Font)              scaled to size 10.0pt on input line 112.
)
(c:/Users/Lenovo/AppData/Roaming/TinyTeX/texmf-dist/tex/latex/fancyhdr/fancyhdr
.sty
Package: fancyhdr 2021/01/28 v4.0.1 Extensive control of page headers and foote
rs
\f@nch@headwidth=\skip56
\f@nch@O@elh=\skip57
\f@nch@O@erh=\skip58
\f@nch@O@olh=\skip59
\f@nch@O@orh=\skip60
\f@nch@O@elf=\skip61
\f@nch@O@erf=\skip62
\f@nch@O@olf=\skip63
\f@nch@O@orf=\skip64
)
(c:/Users/Lenovo/AppData/Roaming/TinyTeX/texmf-dist/tex/latex/sidecap/sidecap.s
ty
Package: sidecap 2003/06/06 v1.6f SideCap Package (RN/HjG)
\SC@BOXWD=\dimen169
\SC@CAPWD=\dimen170
\SC@tempdima=\dimen171
\SC@tempdimb=\dimen172
\c@SC@C=\count289
\SC@BOX=\box54
)
(c:/Users/Lenovo/AppData/Roaming/TinyTeX/texmf-dist/tex/generic/babel/babel.sty
Package: babel 2021/07/22 3.63 The Babel package

(c:/Users/Lenovo/AppData/Roaming/TinyTeX/texmf-dist/tex/generic/babel/babel.def
File: babel.def 2021/07/22 3.63 Babel common definitions
\babel@savecnt=\count290
\U@D=\dimen173
\l@unhyphenated=\language3

(c:/Users/Lenovo/AppData/Roaming/TinyTeX/texmf-dist/tex/generic/babel/txtbabel.
def)
\bbl@readstream=\read2
)
\bbl@dirlevel=\count291

(c:/Users/Lenovo/AppData/Roaming/TinyTeX/texmf-dist/tex/generic/babel-spanish/s
panish.ldf
Language: spanish.ldf 2021/05/27 v5.0q Spanish support from the babel system


Package babel Warning: No hyphenation patterns were preloaded for
(babel)                the language 'Spanish' into the format.
(babel)                Please, configure your TeX system to add them and
(babel)                rebuild the format. Now I will use the patterns
(babel)                preloaded for \language=0 instead on input line 51.

Package babel Info: Hyphen rules for 'spanish' set to \l@english
(babel)             (\language0). Reported on input line 52.
\es@quottoks=\toks29
\es@quotdepth=\count292
Package babel Info: Making " an active character on input line 570.
Package babel Info: Making . an active character on input line 675.
Package babel Info: Making < an active character on input line 722.
Package babel Info: Making > an active character on input line 722.
))
(c:/Users/Lenovo/AppData/Roaming/TinyTeX/texmf-dist/tex/latex/floatrow/floatrow
.sty
Package: floatrow 2008/08/02 v0.3b floatrow: float package extension

(c:/Users/Lenovo/AppData/Roaming/TinyTeX/texmf-dist/tex/latex/caption/caption3.
sty
Package: caption3 2020/10/21 v2.2e caption3 kernel (AR)
\captionmargin=\dimen174
\captionmargin@=\dimen175
\captionwidth=\dimen176
\caption@tempdima=\dimen177
\caption@indent=\dimen178
\caption@parindent=\dimen179
\caption@hangindent=\dimen180
Package caption Info: Standard document class detected.
)
\c@float@type=\count293
\float@exts=\toks30
\float@box=\box55
\@floatcapt=\box56
Package floatrow Info: Modified float package code loaded on input line 455.
Package floatrow Info: Modified rotfloat package code loaded on input line 473.

\FR@everyfloat=\toks31
\flrow@foot=\insert252
\FB@wd=\dimen181
\FBo@wd=\dimen182
\FBc@wd=\dimen183
\FBo@ht=\skip65
\FBc@ht=\skip66
\FBf@ht=\skip67
\FBo@max=\skip68
\FBc@max=\skip69
\FBf@max=\skip70
\c@FBl@b=\count294
\floatbox@depth=\count295
\c@FRobj=\count296
\c@FRsobj=\count297
\Xhsize=\skip71
\sXhsize=\skip72
\Zhsize=\skip73
\sZhsize=\skip74
\flrow@rowbox=\box57
\FR@Zunitlength=\dimen184
\c@FBcnt=\count298
\FPOScnt=\count299
\LTleft=\skip75
\LTright=\skip76
\LTleft=\skip77
\LTright=\skip78
\flrow@types=\toks32
) (c:/Users/Lenovo/AppData/Roaming/TinyTeX/texmf-dist/tex/latex/svg/svg.sty
Package: svg 2020/11/26 v2.02k (include SVG pictures)

(c:/Users/Lenovo/AppData/Roaming/TinyTeX/texmf-dist/tex/latex/koma-script/scrba
se.sty
Package: scrbase 2021/06/25 v3.34 KOMA-Script package (KOMA-Script-independent 
basics and keyval usage)

(c:/Users/Lenovo/AppData/Roaming/TinyTeX/texmf-dist/tex/latex/koma-script/scrlf
ile.sty
Package: scrlfile 2021/06/25 v3.34 KOMA-Script package (file load hooks)

(c:/Users/Lenovo/AppData/Roaming/TinyTeX/texmf-dist/tex/latex/koma-script/scrlf
ile-hook.sty
Package: scrlfile-hook 2021/06/25 v3.34 KOMA-Script package (using LaTeX hooks)


(c:/Users/Lenovo/AppData/Roaming/TinyTeX/texmf-dist/tex/latex/koma-script/scrlo
go.sty
Package: scrlogo 2021/06/25 v3.34 KOMA-Script package (logo)
)))
Applying: [2021/05/01] Usage of raw or classic option list on input line 252.
Already applied: [0000/00/00] Usage of raw or classic option list on input line
 368.
)
(c:/Users/Lenovo/AppData/Roaming/TinyTeX/texmf-dist/tex/latex/trimspaces/trimsp
aces.sty
Package: trimspaces 2009/09/17 v1.1 Trim spaces around a token list
)
(c:/Users/Lenovo/AppData/Roaming/TinyTeX/texmf-dist/tex/latex/tools/shellesc.st
y
Package: shellesc 2019/11/08 v1.0c unified shell escape interface for LaTeX
Package shellesc Info: Restricted shell escape enabled on input line 77.
)
\c@svg@param@lastpage=\count300
\svg@box=\box58
\c@svg@param@currpage=\count301
)
(c:/Users/Lenovo/AppData/Roaming/TinyTeX/texmf-dist/tex/latex/transparent/trans
parent.sty
Package: transparent 2019/11/29 v1.4 Transparency via pdfTeX's color stack (HO)

)
(c:/Users/Lenovo/AppData/Roaming/TinyTeX/texmf-dist/tex/latex/pgf/systemlayer/p
gfsys.sty
(c:/Users/Lenovo/AppData/Roaming/TinyTeX/texmf-dist/tex/latex/pgf/utilities/pgf
rcs.sty
(c:/Users/Lenovo/AppData/Roaming/TinyTeX/texmf-dist/tex/generic/pgf/utilities/p
gfutil-common.tex
\pgfutil@everybye=\toks33
\pgfutil@tempdima=\dimen185
\pgfutil@tempdimb=\dimen186

(c:/Users/Lenovo/AppData/Roaming/TinyTeX/texmf-dist/tex/generic/pgf/utilities/p
gfutil-common-lists.tex))
(c:/Users/Lenovo/AppData/Roaming/TinyTeX/texmf-dist/tex/generic/pgf/utilities/p
gfutil-latex.def
\pgfutil@abb=\box59
)
(c:/Users/Lenovo/AppData/Roaming/TinyTeX/texmf-dist/tex/generic/pgf/utilities/p
gfrcs.code.tex
(c:/Users/Lenovo/AppData/Roaming/TinyTeX/texmf-dist/tex/generic/pgf/pgf.revisio
n.tex)
Package: pgfrcs 2021/05/15 v3.1.9a (3.1.9a)
))
(c:/Users/Lenovo/AppData/Roaming/TinyTeX/texmf-dist/tex/generic/pgf/systemlayer
/pgfsys.code.tex
Package: pgfsys 2021/05/15 v3.1.9a (3.1.9a)

(c:/Users/Lenovo/AppData/Roaming/TinyTeX/texmf-dist/tex/generic/pgf/utilities/p
gfkeys.code.tex
\pgfkeys@pathtoks=\toks34
\pgfkeys@temptoks=\toks35

(c:/Users/Lenovo/AppData/Roaming/TinyTeX/texmf-dist/tex/generic/pgf/utilities/p
gfkeysfiltered.code.tex
\pgfkeys@tmptoks=\toks36
))
\pgf@x=\dimen187
\pgf@y=\dimen188
\pgf@xa=\dimen189
\pgf@ya=\dimen190
\pgf@xb=\dimen191
\pgf@yb=\dimen192
\pgf@xc=\dimen193
\pgf@yc=\dimen194
\pgf@xd=\dimen195
\pgf@yd=\dimen196
\w@pgf@writea=\write3
\r@pgf@reada=\read3
\c@pgf@counta=\count302
\c@pgf@countb=\count303
\c@pgf@countc=\count304
\c@pgf@countd=\count305
\t@pgf@toka=\toks37
\t@pgf@tokb=\toks38
\t@pgf@tokc=\toks39
\pgf@sys@id@count=\count306

(c:/Users/Lenovo/AppData/Roaming/TinyTeX/texmf-dist/tex/generic/pgf/systemlayer
/pgf.cfg
File: pgf.cfg 2021/05/15 v3.1.9a (3.1.9a)
)
Driver file for pgf: pgfsys-pdftex.def

(c:/Users/Lenovo/AppData/Roaming/TinyTeX/texmf-dist/tex/generic/pgf/systemlayer
/pgfsys-pdftex.def
File: pgfsys-pdftex.def 2021/05/15 v3.1.9a (3.1.9a)

(c:/Users/Lenovo/AppData/Roaming/TinyTeX/texmf-dist/tex/generic/pgf/systemlayer
/pgfsys-common-pdf.def
File: pgfsys-common-pdf.def 2021/05/15 v3.1.9a (3.1.9a)
)))
(c:/Users/Lenovo/AppData/Roaming/TinyTeX/texmf-dist/tex/generic/pgf/systemlayer
/pgfsyssoftpath.code.tex
File: pgfsyssoftpath.code.tex 2021/05/15 v3.1.9a (3.1.9a)
\pgfsyssoftpath@smallbuffer@items=\count307
\pgfsyssoftpath@bigbuffer@items=\count308
)
(c:/Users/Lenovo/AppData/Roaming/TinyTeX/texmf-dist/tex/generic/pgf/systemlayer
/pgfsysprotocol.code.tex
File: pgfsysprotocol.code.tex 2021/05/15 v3.1.9a (3.1.9a)
))
(c:/Users/Lenovo/AppData/Roaming/TinyTeX/texmf-dist/tex/latex/booktabs/booktabs
.sty
Package: booktabs 2020/01/12 v1.61803398 Publication quality tables
\heavyrulewidth=\dimen197
\lightrulewidth=\dimen198
\cmidrulewidth=\dimen199
\belowrulesep=\dimen256
\belowbottomsep=\dimen257
\aboverulesep=\dimen258
\abovetopsep=\dimen259
\cmidrulesep=\dimen260
\cmidrulekern=\dimen261
\defaultaddspace=\dimen262
\@cmidla=\count309
\@cmidlb=\count310
\@aboverulesep=\dimen263
\@belowrulesep=\dimen264
\@thisruleclass=\count311
\@lastruleclass=\count312
\@thisrulewidth=\dimen265
)
(c:/Users/Lenovo/AppData/Roaming/TinyTeX/texmf-dist/tex/latex/tools/longtable.s
ty
Package: longtable 2021-05-07 v4.16 Multi-page Table package (DPC)
\LTleft=\skip79
\LTright=\skip80
\LTpre=\skip81
\LTpost=\skip82
\LTchunksize=\count313
\LTcapwidth=\dimen266
\LT@head=\box60
\LT@firsthead=\box61
\LT@foot=\box62
\LT@lastfoot=\box63
\LT@gbox=\box64
\LT@cols=\count314
\LT@rows=\count315
\c@LT@tables=\count316
\c@LT@chunks=\count317
\LT@p@ftn=\toks40
)
(c:/Users/Lenovo/AppData/Roaming/TinyTeX/texmf-dist/tex/latex/tools/array.sty
Package: array 2021/04/20 v2.5e Tabular extension package (FMi)
\col@sep=\dimen267
\ar@mcellbox=\box65
\extrarowheight=\dimen268
\NC@list=\toks41
\extratabsurround=\skip83
\backup@length=\skip84
\ar@cellbox=\box66
)
(c:/Users/Lenovo/AppData/Roaming/TinyTeX/texmf-dist/tex/latex/multirow/multirow
.sty
Package: multirow 2021/03/15 v2.8 Span multiple rows of a table
\multirow@colwidth=\skip85
\multirow@cntb=\count318
\multirow@dima=\skip86
\bigstrutjot=\dimen269
)
(c:/Users/Lenovo/AppData/Roaming/TinyTeX/texmf-dist/tex/latex/wrapfig/wrapfig.s
ty
\wrapoverhang=\dimen270
\WF@size=\dimen271
\c@WF@wrappedlines=\count319
\WF@box=\box67
\WF@everypar=\toks42
Package: wrapfig 2003/01/31  v 3.6
)
(c:/Users/Lenovo/AppData/Roaming/TinyTeX/texmf-dist/tex/latex/colortbl/colortbl
.sty
Package: colortbl 2020/01/04 v1.0e Color table columns (DPC)
\everycr=\toks43
\minrowclearance=\skip87
)
(c:/Users/Lenovo/AppData/Roaming/TinyTeX/texmf-dist/tex/latex/pdflscape/pdflsca
pe.sty
Package: pdflscape 2019/12/05 v0.12 Display of landscape pages in PDF (HO)

(c:/Users/Lenovo/AppData/Roaming/TinyTeX/texmf-dist/tex/latex/graphics/lscape.s
ty
Package: lscape 2020/05/28 v3.02 Landscape Pages (DPC)
)
Package pdflscape Info: Auto-detected driver: pdftex on input line 81.
)
(c:/Users/Lenovo/AppData/Roaming/TinyTeX/texmf-dist/tex/latex/tabu/tabu.sty
Package: tabu 2019/01/11 v2.9 - flexible LaTeX tabulars (FC+tabu-fixed)

(c:/Users/Lenovo/AppData/Roaming/TinyTeX/texmf-dist/tex/latex/varwidth/varwidth
.sty
Package: varwidth 2009/03/30 ver 0.92;  Variable-width minipages
\@vwid@box=\box68
\sift@deathcycles=\count320
\@vwid@loff=\dimen272
\@vwid@roff=\dimen273
)
\c@taburow=\count321
\tabu@nbcols=\count322
\tabu@cnt=\count323
\tabu@Xcol=\count324
\tabu@alloc=\count325
\tabu@nested=\count326
\tabu@target=\dimen274
\tabu@spreadtarget=\dimen275
\tabu@naturalX=\dimen276
\tabucolX=\dimen277
\tabu@Xsum=\dimen278
\extrarowdepth=\dimen279
\abovetabulinesep=\dimen280
\belowtabulinesep=\dimen281
\tabustrutrule=\dimen282
\tabu@thebody=\toks44
\tabu@footnotes=\toks45
\tabu@box=\box69
\tabu@arstrutbox=\box70
\tabu@hleads=\box71
\tabu@vleads=\box72
\tabu@cellskip=\skip88
)
(c:/Users/Lenovo/AppData/Roaming/TinyTeX/texmf-dist/tex/latex/threeparttable/th
reeparttable.sty
Package: threeparttable 2003/06/13  v 3.0
\@tempboxb=\box73
)
(c:/Users/Lenovo/AppData/Roaming/TinyTeX/texmf-dist/tex/latex/threeparttablex/t
hreeparttablex.sty
Package: threeparttablex 2013/07/23 v0.3 by daleif

(c:/Users/Lenovo/AppData/Roaming/TinyTeX/texmf-dist/tex/latex/environ/environ.s
ty
Package: environ 2014/05/04 v0.3 A new way to define environments
)
\TPTL@width=\skip89
)
(c:/Users/Lenovo/AppData/Roaming/TinyTeX/texmf-dist/tex/generic/ulem/ulem.sty
\UL@box=\box74
\UL@hyphenbox=\box75
\UL@skip=\skip90
\UL@hook=\toks46
\UL@height=\dimen283
\UL@pe=\count327
\UL@pixel=\dimen284
\ULC@box=\box76
Package: ulem 2019/11/18
\ULdepth=\dimen285
)
(c:/Users/Lenovo/AppData/Roaming/TinyTeX/texmf-dist/tex/latex/makecell/makecell
.sty
Package: makecell 2009/08/03 V0.1e Managing of Tab Column Heads and Cells
\rotheadsize=\dimen286
\c@nlinenum=\count328
\TeXr@lab=\toks47
)
(c:/Users/Lenovo/AppData/Roaming/TinyTeX/texmf-dist/tex/latex/caption/caption.s
ty
Package: caption 2020/10/26 v3.5g Customizing captions (AR)
\c@caption@flags=\count329
\c@continuedfloat=\count330
Package caption Info: float package is loaded.
Package caption Info: floatrow package is loaded.
Package caption Info: hyperref package is loaded.
Package caption Info: longtable package is loaded.

(c:/Users/Lenovo/AppData/Roaming/TinyTeX/texmf-dist/tex/latex/caption/ltcaption
.sty
Package: ltcaption 2020/05/30 v1.4b longtable captions (AR)
)
Package caption Info: sidecap package is loaded.
Package caption Info: threeparttable package is loaded.
Package caption Info: wrapfig package is loaded.
)
(c:/Users/Lenovo/AppData/Roaming/TinyTeX/texmf-dist/tex/latex/l3backend/l3backe
nd-pdftex.def
File: l3backend-pdftex.def 2021-08-04 L3 backend support: PDF output (pdfTeX)
\l__color_backend_stack_int=\count331
\l__pdf_internal_box=\box77
) (./Informe-Mercado-Laboral.aux
LaTeX Info: Redefining \. on input line 26.
LaTeX Info: Redefining \% on input line 26.
)
\openout1 = `Informe-Mercado-Laboral.aux'.

LaTeX Font Info:    Checking defaults for OML/cmm/m/it on input line 111.
LaTeX Font Info:    ... okay on input line 111.
LaTeX Font Info:    Checking defaults for OMS/cmsy/m/n on input line 111.
LaTeX Font Info:    ... okay on input line 111.
LaTeX Font Info:    Checking defaults for OT1/cmr/m/n on input line 111.
LaTeX Font Info:    ... okay on input line 111.
LaTeX Font Info:    Checking defaults for T1/cmr/m/n on input line 111.
LaTeX Font Info:    ... okay on input line 111.
LaTeX Font Info:    Checking defaults for TS1/cmr/m/n on input line 111.
LaTeX Font Info:    ... okay on input line 111.
LaTeX Font Info:    Checking defaults for OMX/cmex/m/n on input line 111.
LaTeX Font Info:    ... okay on input line 111.
LaTeX Font Info:    Checking defaults for U/cmr/m/n on input line 111.
LaTeX Font Info:    ... okay on input line 111.
LaTeX Font Info:    Checking defaults for PD1/pdf/m/n on input line 111.
LaTeX Font Info:    ... okay on input line 111.
LaTeX Font Info:    Checking defaults for PU/pdf/m/n on input line 111.
LaTeX Font Info:    ... okay on input line 111.

(c:/Users/Lenovo/AppData/Roaming/TinyTeX/texmf-dist/tex/latex/epstopdf-pkg/epst
opdf-base.sty
Package: epstopdf-base 2020-01-24 v2.11 Base part for package epstopdf
Package epstopdf-base Info: Redefining graphics rule for `.eps' on input line 4
85.

(c:/Users/Lenovo/AppData/Roaming/TinyTeX/texmf-dist/tex/latex/latexconfig/epsto
pdf-sys.cfg
File: epstopdf-sys.cfg 2010/07/13 v1.3 Configuration of (r)epstopdf for TeX Liv
e
))
Package hyperref Info: Link coloring OFF on input line 111.

(c:/Users/Lenovo/AppData/Roaming/TinyTeX/texmf-dist/tex/latex/hyperref/nameref.
sty
Package: nameref 2021-04-02 v2.47 Cross-referencing by name of section

(c:/Users/Lenovo/AppData/Roaming/TinyTeX/texmf-dist/tex/latex/refcount/refcount
.sty
Package: refcount 2019/12/15 v3.6 Data extraction from label references (HO)
)
(c:/Users/Lenovo/AppData/Roaming/TinyTeX/texmf-dist/tex/generic/gettitlestring/
gettitlestring.sty
Package: gettitlestring 2019/12/15 v1.6 Cleanup title references (HO)
)
\c@section@level=\count332
)
LaTeX Info: Redefining \ref on input line 111.
LaTeX Info: Redefining \pageref on input line 111.
LaTeX Info: Redefining \nameref on input line 111.
 (./Informe-Mercado-Laboral.out)
(./Informe-Mercado-Laboral.out)
\@outlinefile=\write4
\openout4 = `Informe-Mercado-Laboral.out'.


*geometry* driver: auto-detecting
*geometry* detected driver: pdftex
*geometry* verbose mode - [ preamble ] result:
* driver: pdftex
* paper: <default>
* layout: <same size as paper>
* layoutoffset:(h,v)=(0.0pt,0.0pt)
* modes: 
* h-part:(L,W,R)=(72.26999pt, 469.75502pt, 72.26999pt)
* v-part:(T,H,B)=(72.26999pt, 650.43001pt, 72.26999pt)
* \paperwidth=614.295pt
* \paperheight=794.96999pt
* \textwidth=469.75502pt
* \textheight=650.43001pt
* \oddsidemargin=0.0pt
* \evensidemargin=0.0pt
* \topmargin=-37.0pt
* \headheight=23.0pt
* \headsep=25.0pt
* \topskip=10.0pt
* \footskip=30.0pt
* \marginparwidth=65.0pt
* \marginparsep=11.0pt
* \columnsep=10.0pt
* \skip\footins=9.0pt plus 4.0pt minus 2.0pt
* \hoffset=0.0pt
* \voffset=0.0pt
* \mag=1000
* \@twocolumnfalse
* \@twosidefalse
* \@mparswitchfalse
* \@reversemarginfalse
* (1in=72.27pt=25.4mm, 1cm=28.453pt)

\c@mv@tabular=\count333
\c@mv@boldtabular=\count334

(c:/Users/Lenovo/AppData/Roaming/TinyTeX/texmf-dist/tex/latex/ragged2e/ragged2e
.sty
Package: ragged2e 2021/02/05 v3.0 ragged2e Package
\CenteringLeftskip=\skip91
\RaggedLeftLeftskip=\skip92
\RaggedRightLeftskip=\skip93
\CenteringRightskip=\skip94
\RaggedLeftRightskip=\skip95
\RaggedRightRightskip=\skip96
\CenteringParfillskip=\skip97
\RaggedLeftParfillskip=\skip98
\RaggedRightParfillskip=\skip99
\JustifyingParfillskip=\skip100
\CenteringParindent=\skip101
\RaggedLeftParindent=\skip102
\RaggedRightParindent=\skip103
\JustifyingParindent=\skip104
)
LaTeX Info: Redefining \. on input line 111.
LaTeX Info: Redefining \% on input line 111.
Package caption Info: Begin \AtBeginDocument code.
Package caption Info: Fixing longtable code of `floatrow' package.
Package caption Info: End \AtBeginDocument code.

(c:/Users/Lenovo/AppData/Roaming/TinyTeX/texmf-dist/tex/latex/floatrow/fr-longt
able.sty
Package: fr-longtable 2007/11/28 v0.1b (beta) floatrow: additions for longtable

\flrow@LT@lasthead=\box78
\flrow@LT@prelastfoot=\box79
\c@FBLTpage=\count335
)
LaTeX Font Info:    Font shape `T1/opensans-TLF/m/n' will be
(Font)              scaled to size 14.4pt on input line 114.

Underfull \hbox (badness 10000) in paragraph at lines 114--115

 []

LaTeX Font Info:    Trying to load font information for TS1+opensans-TLF on inp
ut line 124.

(c:/Users/Lenovo/AppData/Roaming/TinyTeX/texmf-dist/tex/latex/opensans/TS1opens
ans-TLF.fd
File: TS1opensans-TLF.fd 2019/06/24 Font definitions for TS1/opensans-TLF.
)
LaTeX Font Info:    Font shape `TS1/opensans-TLF/m/n' will be
(Font)              scaled to size 10.0pt on input line 124.


pdfTeX warning: pdflatex.exe (file ./logos/logo_oecc.pdf): PDF inclusion: found
 PDF version <1.6>, but at most version <1.5> allowed
<./logos/logo_oecc.pdf, id=7, 306.08653pt x 29.6809pt>
File: ./logos/logo_oecc.pdf Graphic file (type pdf)
<use ./logos/logo_oecc.pdf>
Package pdftex.def Info: ./logos/logo_oecc.pdf  used on input line 150.
(pdftex.def)             Requested size: 199.17339pt x 19.31363pt.
<./logos/muni.jpg, id=8, 245.91875pt x 59.22125pt>
File: ./logos/muni.jpg Graphic file (type jpg)
<use ./logos/muni.jpg>
Package pdftex.def Info: ./logos/muni.jpg  used on input line 150.
(pdftex.def)             Requested size: 142.26898pt x 34.26068pt.

Package fancyhdr Warning: \footskip is too small (30.0pt): 
(fancyhdr)                Make it at least 37.86072pt, for example:
(fancyhdr)                \setlength{\footskip}{37.86072pt}.

[1

{c:/Users/Lenovo/AppData/Roaming/TinyTeX/texmf-var/fonts/map/pdftex/updmap/pdft
ex.map} <./logos/logo_oecc.pdf> <./logos/muni.jpg>]
Underfull \hbox (badness 10000) in paragraph at lines 153--154

 []

LaTeX Font Info:    Trying to load font information for OT1+lmr on input line 1
57.
(c:/Users/Lenovo/AppData/Roaming/TinyTeX/texmf-dist/tex/latex/lm/ot1lmr.fd
File: ot1lmr.fd 2015/05/01 v1.6.1 Font defs for Latin Modern
)
LaTeX Font Info:    Trying to load font information for OML+lmm on input line 1
57.

(c:/Users/Lenovo/AppData/Roaming/TinyTeX/texmf-dist/tex/latex/lm/omllmm.fd
File: omllmm.fd 2015/05/01 v1.6.1 Font defs for Latin Modern
)
LaTeX Font Info:    Trying to load font information for OMS+lmsy on input line 
157.

(c:/Users/Lenovo/AppData/Roaming/TinyTeX/texmf-dist/tex/latex/lm/omslmsy.fd
File: omslmsy.fd 2015/05/01 v1.6.1 Font defs for Latin Modern
)
LaTeX Font Info:    Trying to load font information for OMX+lmex on input line 
157.

(c:/Users/Lenovo/AppData/Roaming/TinyTeX/texmf-dist/tex/latex/lm/omxlmex.fd
File: omxlmex.fd 2015/05/01 v1.6.1 Font defs for Latin Modern
)
LaTeX Font Info:    External font `lmex10' loaded for size
(Font)              <10> on input line 157.
LaTeX Font Info:    External font `lmex10' loaded for size
(Font)              <7> on input line 157.
LaTeX Font Info:    External font `lmex10' loaded for size
(Font)              <5> on input line 157.
LaTeX Font Info:    Trying to load font information for U+msa on input line 157
.

(c:/Users/Lenovo/AppData/Roaming/TinyTeX/texmf-dist/tex/latex/amsfonts/umsa.fd
File: umsa.fd 2013/01/14 v3.01 AMS symbols A
)
LaTeX Font Info:    Trying to load font information for U+msb on input line 157
.
(c:/Users/Lenovo/AppData/Roaming/TinyTeX/texmf-dist/tex/latex/amsfonts/umsb.fd
File: umsb.fd 2013/01/14 v3.01 AMS symbols B
)
LaTeX Font Info:    Font shape `T1/opensans-TLF/m/n' will be
(Font)              scaled to size 9.0pt on input line 168.
LaTeX Font Info:    External font `lmex10' loaded for size
(Font)              <9> on input line 169.
LaTeX Font Info:    External font `lmex10' loaded for size
(Font)              <6> on input line 169.
LaTeX Font Info:    Font shape `T1/opensans-TLF/m/n' will be
(Font)              scaled to size 12.0pt on input line 171.
LaTeX Font Info:    Font shape `T1/opensans-TLF/b/n' will be
(Font)              scaled to size 12.0pt on input line 171.
<Informe-Mercado-Laboral_files/figure-latex/unnamed-chunk-7-1.pdf, id=20, 469.7
55pt x 252.945pt>
File: Informe-Mercado-Laboral_files/figure-latex/unnamed-chunk-7-1.pdf Graphic 
file (type pdf)
<use Informe-Mercado-Laboral_files/figure-latex/unnamed-chunk-7-1.pdf>
Package pdftex.def Info: Informe-Mercado-Laboral_files/figure-latex/unnamed-chu
nk-7-1.pdf  used on input line 186.
(pdftex.def)             Requested size: 469.75386pt x 252.94438pt.
File: ./logos/logo_oecc.pdf Graphic file (type pdf)
<use ./logos/logo_oecc.pdf>
Package pdftex.def Info: ./logos/logo_oecc.pdf  used on input line 190.
(pdftex.def)             Requested size: 199.17339pt x 19.31363pt.
File: ./logos/muni.jpg Graphic file (type jpg)
<use ./logos/muni.jpg>
Package pdftex.def Info: ./logos/muni.jpg  used on input line 190.
(pdftex.def)             Requested size: 142.26898pt x 34.26068pt.

Package fancyhdr Warning: \footskip is too small (30.0pt): 
(fancyhdr)                Make it at least 37.86072pt, for example:
(fancyhdr)                \setlength{\footskip}{37.86072pt}.

[2 <./Informe-Mercado-Laboral_files/figure-latex/unnamed-chunk-7-1.pdf>]
Underfull \hbox (badness 10000) in paragraph at lines 193--194

 []

File: ./logos/logo_oecc.pdf Graphic file (type pdf)
<use ./logos/logo_oecc.pdf>
Package pdftex.def Info: ./logos/logo_oecc.pdf  used on input line 239.
(pdftex.def)             Requested size: 199.17339pt x 19.31363pt.
File: ./logos/muni.jpg Graphic file (type jpg)
<use ./logos/muni.jpg>
Package pdftex.def Info: ./logos/muni.jpg  used on input line 239.
(pdftex.def)             Requested size: 142.26898pt x 34.26068pt.

Package fancyhdr Warning: \footskip is too small (30.0pt): 
(fancyhdr)                Make it at least 37.86072pt, for example:
(fancyhdr)                \setlength{\footskip}{37.86072pt}.

[3]
<Informe-Mercado-Laboral_files/figure-latex/unnamed-chunk-13-1.pdf, id=41, 469.
755pt x 289.08pt>
File: Informe-Mercado-Laboral_files/figure-latex/unnamed-chunk-13-1.pdf Graphic
 file (type pdf)
<use Informe-Mercado-Laboral_files/figure-latex/unnamed-chunk-13-1.pdf>
Package pdftex.def Info: Informe-Mercado-Laboral_files/figure-latex/unnamed-chu
nk-13-1.pdf  used on input line 241.
(pdftex.def)             Requested size: 469.75386pt x 289.07928pt.
File: ./logos/logo_oecc.pdf Graphic file (type pdf)
<use ./logos/logo_oecc.pdf>
Package pdftex.def Info: ./logos/logo_oecc.pdf  used on input line 277.
(pdftex.def)             Requested size: 199.17339pt x 19.31363pt.
File: ./logos/muni.jpg Graphic file (type jpg)
<use ./logos/muni.jpg>
Package pdftex.def Info: ./logos/muni.jpg  used on input line 277.
(pdftex.def)             Requested size: 142.26898pt x 34.26068pt.


Package fancyhdr Warning: \footskip is too small (30.0pt): 
(fancyhdr)                Make it at least 37.86072pt, for example:
(fancyhdr)                \setlength{\footskip}{37.86072pt}.

[4 <./Informe-Mercado-Laboral_files/figure-latex/unnamed-chunk-13-1.pdf>]
<Informe-Mercado-Laboral_files/figure-latex/unnamed-chunk-16-1.pdf, id=62, 469.
755pt x 289.08pt>
File: Informe-Mercado-Laboral_files/figure-latex/unnamed-chunk-16-1.pdf Graphic
 file (type pdf)
<use Informe-Mercado-Laboral_files/figure-latex/unnamed-chunk-16-1.pdf>
Package pdftex.def Info: Informe-Mercado-Laboral_files/figure-latex/unnamed-chu
nk-16-1.pdf  used on input line 279.
(pdftex.def)             Requested size: 469.75386pt x 289.07928pt.
<Informe-Mercado-Laboral_files/figure-latex/unnamed-chunk-20-1.pdf, id=63, 469.
755pt x 252.945pt>
File: Informe-Mercado-Laboral_files/figure-latex/unnamed-chunk-20-1.pdf Graphic
 file (type pdf)
<use Informe-Mercado-Laboral_files/figure-latex/unnamed-chunk-20-1.pdf>
Package pdftex.def Info: Informe-Mercado-Laboral_files/figure-latex/unnamed-chu
nk-20-1.pdf  used on input line 310.
(pdftex.def)             Requested size: 469.75386pt x 252.94438pt.
File: ./logos/logo_oecc.pdf Graphic file (type pdf)
<use ./logos/logo_oecc.pdf>
Package pdftex.def Info: ./logos/logo_oecc.pdf  used on input line 314.
(pdftex.def)             Requested size: 199.17339pt x 19.31363pt.
File: ./logos/muni.jpg Graphic file (type jpg)
<use ./logos/muni.jpg>
Package pdftex.def Info: ./logos/muni.jpg  used on input line 314.
(pdftex.def)             Requested size: 142.26898pt x 34.26068pt.


Package fancyhdr Warning: \footskip is too small (30.0pt): 
(fancyhdr)                Make it at least 37.86072pt, for example:
(fancyhdr)                \setlength{\footskip}{37.86072pt}.

[5 <./Informe-Mercado-Laboral_files/figure-latex/unnamed-chunk-16-1.pdf>]
File: ./logos/logo_oecc.pdf Graphic file (type pdf)
<use ./logos/logo_oecc.pdf>
Package pdftex.def Info: ./logos/logo_oecc.pdf  used on input line 320.
(pdftex.def)             Requested size: 199.17339pt x 19.31363pt.
File: ./logos/muni.jpg Graphic file (type jpg)
<use ./logos/muni.jpg>
Package pdftex.def Info: ./logos/muni.jpg  used on input line 320.
(pdftex.def)             Requested size: 142.26898pt x 34.26068pt.


Package fancyhdr Warning: \footskip is too small (30.0pt): 
(fancyhdr)                Make it at least 37.86072pt, for example:
(fancyhdr)                \setlength{\footskip}{37.86072pt}.

[6 <./Informe-Mercado-Laboral_files/figure-latex/unnamed-chunk-20-1.pdf>]
<Informe-Mercado-Laboral_files/figure-latex/unnamed-chunk-23-1.pdf, id=103, 469
.755pt x 289.08pt>
File: Informe-Mercado-Laboral_files/figure-latex/unnamed-chunk-23-1.pdf Graphic
 file (type pdf)
<use Informe-Mercado-Laboral_files/figure-latex/unnamed-chunk-23-1.pdf>
Package pdftex.def Info: Informe-Mercado-Laboral_files/figure-latex/unnamed-chu
nk-23-1.pdf  used on input line 324.
(pdftex.def)             Requested size: 469.75386pt x 289.07928pt.
File: ./logos/logo_oecc.pdf Graphic file (type pdf)
<use ./logos/logo_oecc.pdf>
Package pdftex.def Info: ./logos/logo_oecc.pdf  used on input line 336.
(pdftex.def)             Requested size: 199.17339pt x 19.31363pt.
File: ./logos/muni.jpg Graphic file (type jpg)
<use ./logos/muni.jpg>
Package pdftex.def Info: ./logos/muni.jpg  used on input line 336.
(pdftex.def)             Requested size: 142.26898pt x 34.26068pt.


Package fancyhdr Warning: \footskip is too small (30.0pt): 
(fancyhdr)                Make it at least 37.86072pt, for example:
(fancyhdr)                \setlength{\footskip}{37.86072pt}.

[7 <./Informe-Mercado-Laboral_files/figure-latex/unnamed-chunk-23-1.pdf>]
Underfull \hbox (badness 10000) in paragraph at lines 338--339

 []

<Informe-Mercado-Laboral_files/figure-latex/unnamed-chunk-25-1.pdf, id=124, 469
.755pt x 252.945pt>
File: Informe-Mercado-Laboral_files/figure-latex/unnamed-chunk-25-1.pdf Graphic
 file (type pdf)
<use Informe-Mercado-Laboral_files/figure-latex/unnamed-chunk-25-1.pdf>
Package pdftex.def Info: Informe-Mercado-Laboral_files/figure-latex/unnamed-chu
nk-25-1.pdf  used on input line 346.
(pdftex.def)             Requested size: 469.75386pt x 252.94438pt.
File: ./logos/logo_oecc.pdf Graphic file (type pdf)
<use ./logos/logo_oecc.pdf>
Package pdftex.def Info: ./logos/logo_oecc.pdf  used on input line 362.
(pdftex.def)             Requested size: 199.17339pt x 19.31363pt.
File: ./logos/muni.jpg Graphic file (type jpg)
<use ./logos/muni.jpg>
Package pdftex.def Info: ./logos/muni.jpg  used on input line 362.
(pdftex.def)             Requested size: 142.26898pt x 34.26068pt.

Package fancyhdr Warning: \footskip is too small (30.0pt): 
(fancyhdr)                Make it at least 37.86072pt, for example:
(fancyhdr)                \setlength{\footskip}{37.86072pt}.

[8 <./Informe-Mercado-Laboral_files/figure-latex/unnamed-chunk-25-1.pdf>]
<Informe-Mercado-Laboral_files/figure-latex/unnamed-chunk-31-1.pdf, id=144, 469
.755pt x 252.945pt>
File: Informe-Mercado-Laboral_files/figure-latex/unnamed-chunk-31-1.pdf Graphic
 file (type pdf)
<use Informe-Mercado-Laboral_files/figure-latex/unnamed-chunk-31-1.pdf>
Package pdftex.def Info: Informe-Mercado-Laboral_files/figure-latex/unnamed-chu
nk-31-1.pdf  used on input line 364.
(pdftex.def)             Requested size: 469.75386pt x 252.94438pt.
<Informe-Mercado-Laboral_files/figure-latex/unnamed-chunk-33-1.pdf, id=145, 469
.755pt x 289.08pt>
File: Informe-Mercado-Laboral_files/figure-latex/unnamed-chunk-33-1.pdf Graphic
 file (type pdf)
<use Informe-Mercado-Laboral_files/figure-latex/unnamed-chunk-33-1.pdf>
Package pdftex.def Info: Informe-Mercado-Laboral_files/figure-latex/unnamed-chu
nk-33-1.pdf  used on input line 375.
(pdftex.def)             Requested size: 469.75386pt x 289.07928pt.
File: ./logos/logo_oecc.pdf Graphic file (type pdf)
<use ./logos/logo_oecc.pdf>
Package pdftex.def Info: ./logos/logo_oecc.pdf  used on input line 379.
(pdftex.def)             Requested size: 199.17339pt x 19.31363pt.
File: ./logos/muni.jpg Graphic file (type jpg)
<use ./logos/muni.jpg>
Package pdftex.def Info: ./logos/muni.jpg  used on input line 379.
(pdftex.def)             Requested size: 142.26898pt x 34.26068pt.


Package fancyhdr Warning: \footskip is too small (30.0pt): 
(fancyhdr)                Make it at least 37.86072pt, for example:
(fancyhdr)                \setlength{\footskip}{37.86072pt}.

[9 <./Informe-Mercado-Laboral_files/figure-latex/unnamed-chunk-31-1.pdf>]
Underfull \hbox (badness 10000) in paragraph at lines 381--382

 []

<Informe-Mercado-Laboral_files/figure-latex/unnamed-chunk-38-1.pdf, id=166, 469
.755pt x 289.08pt>
File: Informe-Mercado-Laboral_files/figure-latex/unnamed-chunk-38-1.pdf Graphic
 file (type pdf)
<use Informe-Mercado-Laboral_files/figure-latex/unnamed-chunk-38-1.pdf>
Package pdftex.def Info: Informe-Mercado-Laboral_files/figure-latex/unnamed-chu
nk-38-1.pdf  used on input line 411.
(pdftex.def)             Requested size: 469.75386pt x 289.07928pt.
File: ./logos/logo_oecc.pdf Graphic file (type pdf)
<use ./logos/logo_oecc.pdf>
Package pdftex.def Info: ./logos/logo_oecc.pdf  used on input line 415.
(pdftex.def)             Requested size: 199.17339pt x 19.31363pt.
File: ./logos/muni.jpg Graphic file (type jpg)
<use ./logos/muni.jpg>
Package pdftex.def Info: ./logos/muni.jpg  used on input line 415.
(pdftex.def)             Requested size: 142.26898pt x 34.26068pt.

Package fancyhdr Warning: \footskip is too small (30.0pt): 
(fancyhdr)                Make it at least 37.86072pt, for example:
(fancyhdr)                \setlength{\footskip}{37.86072pt}.

[10 <./Informe-Mercado-Laboral_files/figure-latex/unnamed-chunk-33-1.pdf>]
<Informe-Mercado-Laboral_files/figure-latex/unnamed-chunk-40-1.pdf, id=181, 469
.755pt x 252.945pt>
File: Informe-Mercado-Laboral_files/figure-latex/unnamed-chunk-40-1.pdf Graphic
 file (type pdf)
<use Informe-Mercado-Laboral_files/figure-latex/unnamed-chunk-40-1.pdf>
Package pdftex.def Info: Informe-Mercado-Laboral_files/figure-latex/unnamed-chu
nk-40-1.pdf  used on input line 431.
(pdftex.def)             Requested size: 469.75386pt x 252.94438pt.
<Informe-Mercado-Laboral_files/figure-latex/unnamed-chunk-41-1.pdf, id=182, 469
.755pt x 252.945pt>
File: Informe-Mercado-Laboral_files/figure-latex/unnamed-chunk-41-1.pdf Graphic
 file (type pdf)
<use Informe-Mercado-Laboral_files/figure-latex/unnamed-chunk-41-1.pdf>
Package pdftex.def Info: Informe-Mercado-Laboral_files/figure-latex/unnamed-chu
nk-41-1.pdf  used on input line 435.
(pdftex.def)             Requested size: 469.75386pt x 252.94438pt.
File: ./logos/logo_oecc.pdf Graphic file (type pdf)
<use ./logos/logo_oecc.pdf>
Package pdftex.def Info: ./logos/logo_oecc.pdf  used on input line 440.
(pdftex.def)             Requested size: 199.17339pt x 19.31363pt.
File: ./logos/muni.jpg Graphic file (type jpg)
<use ./logos/muni.jpg>
Package pdftex.def Info: ./logos/muni.jpg  used on input line 440.
(pdftex.def)             Requested size: 142.26898pt x 34.26068pt.


Package fancyhdr Warning: \footskip is too small (30.0pt): 
(fancyhdr)                Make it at least 37.86072pt, for example:
(fancyhdr)                \setlength{\footskip}{37.86072pt}.

[11 <./Informe-Mercado-Laboral_files/figure-latex/unnamed-chunk-38-1.pdf>]
File: ./logos/logo_oecc.pdf Graphic file (type pdf)
<use ./logos/logo_oecc.pdf>
Package pdftex.def Info: ./logos/logo_oecc.pdf  used on input line 440.
(pdftex.def)             Requested size: 199.17339pt x 19.31363pt.
File: ./logos/muni.jpg Graphic file (type jpg)
<use ./logos/muni.jpg>
Package pdftex.def Info: ./logos/muni.jpg  used on input line 440.
(pdftex.def)             Requested size: 142.26898pt x 34.26068pt.


Package fancyhdr Warning: \footskip is too small (30.0pt): 
(fancyhdr)                Make it at least 37.86072pt, for example:
(fancyhdr)                \setlength{\footskip}{37.86072pt}.

[12 <./Informe-Mercado-Laboral_files/figure-latex/unnamed-chunk-40-1.pdf> <./In
forme-Mercado-Laboral_files/figure-latex/unnamed-chunk-41-1.pdf

pdfTeX warning: pdflatex.exe (file ./Informe-Mercado-Laboral_files/figure-latex
/unnamed-chunk-41-1.pdf): PDF inclusion: multiple pdfs with page group included
 in a single page
>]
Underfull \hbox (badness 10000) in paragraph at lines 441--442

 []

<Informe-Mercado-Laboral_files/figure-latex/unnamed-chunk-45-1.pdf, id=223, 469
.755pt x 289.08pt>
File: Informe-Mercado-Laboral_files/figure-latex/unnamed-chunk-45-1.pdf Graphic
 file (type pdf)
<use Informe-Mercado-Laboral_files/figure-latex/unnamed-chunk-45-1.pdf>
Package pdftex.def Info: Informe-Mercado-Laboral_files/figure-latex/unnamed-chu
nk-45-1.pdf  used on input line 460.
(pdftex.def)             Requested size: 469.75386pt x 289.07928pt.
File: ./logos/logo_oecc.pdf Graphic file (type pdf)
<use ./logos/logo_oecc.pdf>
Package pdftex.def Info: ./logos/logo_oecc.pdf  used on input line 463.
(pdftex.def)             Requested size: 199.17339pt x 19.31363pt.
File: ./logos/muni.jpg Graphic file (type jpg)
<use ./logos/muni.jpg>
Package pdftex.def Info: ./logos/muni.jpg  used on input line 463.
(pdftex.def)             Requested size: 142.26898pt x 34.26068pt.

Package fancyhdr Warning: \footskip is too small (30.0pt): 
(fancyhdr)                Make it at least 37.86072pt, for example:
(fancyhdr)                \setlength{\footskip}{37.86072pt}.

[13 <./Informe-Mercado-Laboral_files/figure-latex/unnamed-chunk-45-1.pdf>]
(./Informe-Mercado-Laboral.aux
LaTeX Info: Redefining \. on input line 26.
LaTeX Info: Redefining \% on input line 26.
)
Package rerunfilecheck Info: File `Informe-Mercado-Laboral.out' has not changed
.
(rerunfilecheck)             Checksum: D41D8CD98F00B204E9800998ECF8427E;0.
 ) 
Here is how much of TeX's memory you used:
 18561 strings out of 480559
 307158 string characters out of 5901696
 653339 words of memory out of 5000000
 35743 multiletter control sequences out of 15000+600000
 431091 words of font info for 66 fonts, out of 8000000 for 9000
 14 hyphenation exceptions out of 8191
 94i,15n,117p,528b,498s stack positions out of 5000i,500n,10000p,200000b,80000s
{c:/Users/Lenovo/AppData/Roaming/TinyTeX/texmf-dist/fonts/enc/dvips/opensans/
a_jg4h6q.enc}{c:/Users/Lenovo/AppData/Roaming/TinyTeX/texmf-dist/fonts/enc/dvip
s/opensans/a_nvvucy.enc}<c:/Users/Lenovo/AppData/Roaming/TinyTeX/texmf-dist/fon
ts/type1/ascender/opensans/OpenSans-Bold.pfb><c:/Users/Lenovo/AppData/Roaming/T
inyTeX/texmf-dist/fonts/type1/ascender/opensans/OpenSans-Regular.pfb>
Output written on Informe-Mercado-Laboral.pdf (13 pages, 227980 bytes).
PDF statistics:
 261 PDF objects out of 1000 (max. 8388607)
 186 compressed objects within 2 object streams
 31 named destinations out of 1000 (max. 500000)
 83 words of extra memory for PDF output out of 10000 (max. 10000000)

